0 verbose cli [ '/usr/bin/node', '/usr/bin/npm', 'install' ]
1 info using npm@8.5.1
2 info using node@v12.22.9
3 timing npm:load:whichnode Completed in 0ms
4 timing config:load:defaults Completed in 2ms
5 timing config:load:file:/usr/share/nodejs/npm/npmrc Completed in 17ms
6 timing config:load:builtin Completed in 17ms
7 timing config:load:cli Completed in 2ms
8 timing config:load:env Completed in 0ms
9 timing config:load:file:/home/ubuntu/devops-build/.npmrc Completed in 0ms
10 timing config:load:project Completed in 2ms
11 timing config:load:file:/home/ubuntu/.npmrc Completed in 0ms
12 timing config:load:user Completed in 1ms
13 timing config:load:file:/etc/npmrc Completed in 0ms
14 timing config:load:global Completed in 0ms
15 timing config:load:validate Completed in 0ms
16 timing config:load:credentials Completed in 1ms
17 timing config:load:setEnvs Completed in 1ms
18 timing config:load Completed in 28ms
19 timing npm:load:configload Completed in 28ms
20 timing npm:load:setTitle Completed in 0ms
21 timing config:load:flatten Completed in 4ms
22 timing npm:load:display Completed in 7ms
23 verbose logfile /home/ubuntu/.npm/_logs/2024-08-27T19_13_19_479Z-debug-0.log
24 timing npm:load:logFile Completed in 8ms
25 timing npm:load:timers Completed in 0ms
26 timing npm:load:configScope Completed in 0ms
27 timing npm:load Completed in 45ms
28 timing arborist:ctor Completed in 2ms
29 timing arborist:ctor Completed in 0ms
30 timing idealTree:init Completed in 17ms
31 timing idealTree:userRequests Completed in 0ms
32 silly idealTree buildDeps
33 timing idealTree:#root Completed in 0ms
34 timing idealTree:buildDeps Completed in 2ms
35 timing idealTree:fixDepFlags Completed in 0ms
36 timing idealTree Completed in 21ms
37 timing reify:loadTrees Completed in 23ms
38 timing reify:diffTrees Completed in 1ms
39 silly reify moves {}
40 timing reify:retireShallow Completed in 0ms
41 timing reify:createSparse Completed in 0ms
42 timing reify:loadBundles Completed in 0ms
43 silly audit report null
44 timing reify:audit Completed in 1ms
45 timing reify:unpack Completed in 0ms
46 timing reify:unretire Completed in 0ms
47 timing build:queue Completed in 0ms
48 timing build:deps Completed in 1ms
49 timing build Completed in 1ms
50 timing reify:build Completed in 2ms
51 timing reify:trash Completed in 0ms
52 timing reify:save Completed in 2ms
53 timing reify Completed in 58ms
54 timing command:install Completed in 63ms
55 verbose stack Error: ENOENT: no such file or directory, open '/home/ubuntu/devops-build/package.json'
56 verbose cwd /home/ubuntu/devops-build
57 verbose Linux 6.5.0-1022-aws
58 verbose argv "/usr/bin/node" "/usr/bin/npm" "install"
59 verbose node v12.22.9
60 verbose npm  v8.5.1
61 error code ENOENT
62 error syscall open
63 error path /home/ubuntu/devops-build/package.json
64 error errno -2
65 error enoent ENOENT: no such file or directory, open '/home/ubuntu/devops-build/package.json'
66 error enoent This is related to npm not being able to find a file.
66 error enoent
67 verbose exit -2
68 timing npm Completed in 385ms
69 verbose code -2
70 error A complete log of this run can be found in:
70 error     /home/ubuntu/.npm/_logs/2024-08-27T19_13_19_479Z-debug-0.log
